<?xml version="1.0" encoding="UTF-8"?>
<!-- Generated by org.testng.reporters.JUnitXMLReporter -->
<testsuite ignored="0" hostname="DESKTOP-ML7EAP5" failures="1" tests="1" name="Test" time="1.919" errors="0" timestamp="2021-11-15T07:47:13 SGT">
  <testcase classname="TestCase.UserStory1.tc0001" name="PostSingleRecord" time="1.871">
    <failure type="java.lang.AssertionError" message="expected [true] but found [false]">
      <![CDATA[java.lang.AssertionError: expected [true] but found [false]
at APIFunctions.InsertSingleWorkingHeroRecord.VerifyResponse(InsertSingleWorkingHeroRecord.java:22)
at TestCase.UserStory1.tc0001.PostSingleRecord(tc0001.java:22)
at java.base/java.util.ArrayList.forEach(ArrayList.java:1511)
... Removed 31 stack frames]]>
    </failure>
  </testcase> <!-- PostSingleRecord -->
</testsuite> <!-- Test -->
